Working on 1
DSpaceMETSSIPProfile - DSpace - DuraSpace Wiki
Working on 2
[Unknown Title]
Working on 3
monitter : real time, live twitter search and monitoring
Working on 4
SWORD APP Profile version 1.3
Working on 5
[Unknown Title]
Working on 6
OfficeSWORD - Home
Working on 7
[Unknown Title]
Working on 8
Tatsuo Horiuchi | the 73-year old Excel spreadsheet artist  | Spoon & Tamago
Working on 9
[Unknown Title]
Working on 10
Developer.com
Working on 11
Application-only authentication | Twitter Developers
Working on 12
[Unknown Title]
Working on 13
Public streams | Twitter Developers
Working on 14
Using the Twitter Search API | Twitter Developers
Working on 15
Exploring the Twitter API | Twitter Developers
Working on 16
Google Maps APRS
Working on 17
Setting Your PYTHONPATH environment variable (Linux/Unix/OsX) | scipher
Working on 18
XSLT: call-template vs mode for execution flow - Stack Overflow
Working on 19
Why does XSLT output all text by default? - Stack Overflow
Working on 20
The Glowing Python: How to use twitter search api
Working on 21
Mr Benn - Wikipedia, the free encyclopedia
Working on 22
errors were had, skipping.
Working on 23
CFPCA - Profile
Working on 24
MySQL Python tutorial
Working on 25
errors were had, skipping.
Working on 26
How do I write date-based queries in iTQL? - Fedora 3.5 Documentation - DuraSpace Wiki
Working on 27
Portraits of Grandmas and Their Cuisine From Around the World | DeMilked
Working on 28
What the Young Man Should Know | Harper's Magazine
Working on 29
SSD Cloud Server, VPS Server, Simple Cloud Hosting by DigitalOcean
Working on 30
How Many People Are In Space Right Now?
Working on 31
errors were had, skipping.
Working on 32
JMASM.com - JOURNAL OF MODERN APPLIED STATISTICAL METHODS
Working on 33
[Unknown Title]
Working on 34
errors were had, skipping.
Working on 35
Importing a MySQL database into Apache Solr Part I
Working on 36
[Unknown Title]
Working on 37
Python: module twitter
Working on 38
PHP: Examples - Manual
Working on 39
errors were had, skipping.
Working on 40
Archivematica
Working on 41
Tweet Nest
Working on 42
[Unknown Title]
Working on 43
.
Working on 44
The Library Test Kitchen at Harvard University - Books - The Boston Globe
Working on 45
[Unknown Title]
Working on 46
Welcome to Google Docs
Working on 47
Download Library | ZyXEL
Working on 48
pyinotify - filesystem monitoring in Python with inotify
Working on 49
FFP-stick - NAS-Central Zyxel Wiki
Working on 50
XPath and XSLT with lxml
Working on 51
errors were had, skipping.
Working on 52
Python Excel
Working on 53
The Absolute Minimum Every Software Developer Absolutely, Positively Must Know About Unicode and Character Sets (No Excuses!) - Joel on Software
Working on 54
Hafele 329.58.610 Salice CMR3A99 Institutional Hinge zinc, 270 degrees, full overlay, single pivot, dowel
Working on 55
python - Hide password when checking config file in git - Stack Overflow
Working on 56
Welcome to Google Docs
Working on 57
An Error Occurred Setting Your User Cookie
Working on 58
Index of /MyWeb/public/wilbur_voyage
Working on 59
The pyPdf.pdf Module
Working on 60
[Unknown Title]
Working on 61
[Unknown Title]
Working on 62
python - Bottle loading time for network server is extremely slow - Stack Overflow
Working on 63
xml - How do I iterate through DOM elements in PHP? - Stack Overflow
Working on 64
Creating a RESTful Python API with Bottle - Fabrizio (Fritz) Stelluto
Working on 65
php - JSON encode MySQL results - Stack Overflow
Working on 66
Color palette generator, designer | Adobe Kuler
Working on 67
[Unknown Title]
Working on 68
[Unknown Title]
Working on 69
Sankey Diagram
Working on 70
Having Relations with the Library:  A Guide for University Presses | The Scholarly Kitchen
Working on 71
Web Science and Digital Libraries Research Group: 2013-07-26: Digital Preservation 2013 Trip Report
Working on 72
Archives in the Digital Era: Planning a Digital Archives
Working on 73
48202 Weather Forecast from Weather Underground
Working on 74
YBlog - Yesod excellent ideas
Working on 75
ResearchProjectCalculator - Minitex Wiki
Working on 76
Christopher Prom
Working on 77
Dynamic DNS - DreamHost
Working on 78
Welcome! - ArchivesSpace
Working on 79
Amazon.com: Lenovo G505s 15.6-Inch Laptop (Black): Computers & Accessories
Working on 80
The Weather God of Oklahoma City - NYTimes.com
Working on 81
Programming in XPath 3.0
Working on 82
[Unknown Title]
Working on 83
International Journal of Digital Curation
Working on 84
Scholars Cooperative
Working on 85
 LiAM: Linked Archival Metadata
Working on 86
errors were had, skipping.
Working on 87
[Unknown Title]
Working on 88
The Amazing Disappearing Supermarket: Building the 21st Century Grocery Store - Page 1 - News - San Francisco - SF Weekly
Working on 89
Wayne State University Library System                        /Entire Collection
Working on 90
Ameel Page Turner - Library View
Working on 91
[Unknown Title]
Working on 92
ASIS&T 2013 Annual Meeting
Working on 93
[Unknown Title]
Working on 94
Emotiv | EEG System | Electroencephalography
Working on 95
errors were had, skipping.
Working on 96
[Unknown Title]
Working on 97
errors were had, skipping.
Working on 98
Marin Bolinas Ridge Hydro 29er Bike - 2013 at REI.com
Working on 99
File Formats - Just Solve the File Format Problem
Working on 100
Gliffy Public Diagram - ASpace ERD
Working on 101
Forecast.io Temperature
Working on 102
Henry Frank
Working on 103
CODE Mechanical Keyboard
Working on 104
OpenSeadragon
Working on 105
Tutorial: HTML Templates with Mustache.js | Christophe Coenraets
Working on 106
[Unknown Title]
Working on 107
Buy <oXygen/> XML Editor v15 Academic with SMP
Working on 108
[Unknown Title]
Working on 109
Show Your OneCard and Save - Campus Retail Shops
Working on 110
So you need a template engine..
Working on 111
errors were had, skipping.
Working on 112
[Unknown Title]
Working on 113
{{solr4FedObjsID.response.docs.0.dc_title.0}}
Working on 114
10+ JavaScript Shorthand Coding Techniques | jQuery4u
Working on 115
Mulgara | Semantic Store - select
Working on 116
Archival Web Graphs Workshop
Working on 117
errors were had, skipping.
Working on 118
Data Science Toolkit
Working on 119
errors were had, skipping.
Working on 120
[Unknown Title]
Working on 121
{{solr4FedObjsID.response.docs.0.dc_title.0}}
Working on 122
{{solr4FedObjsID.response.docs.0.dc_title.0}}
Working on 123
Mirlyn: Holdings: American salvage [electronic resource] : stories /
Working on 124
[Unknown Title]
Working on 125
[Unknown Title]
Working on 126
[Unknown Title]
Working on 127
WSUDOR - Search
Working on 128
errors were had, skipping.
Working on 129
bootpag - dynamic pagination jQuery plugin
Working on 130
[Unknown Title]
Working on 131
[Unknown Title]
Working on 132
[Unknown Title]
Working on 133
[Unknown Title]
Working on 134
[Unknown Title]
Working on 135
[Unknown Title]
Working on 136
[Unknown Title]
Working on 137
Cubr | Keep on Coding
Working on 138
errors were had, skipping.
Working on 139
Error
Working on 140
errors were had, skipping.
Working on 141
Keypress: A Javascript library for capturing input
Working on 142
[Unknown Title]
Working on 143
VPN FAQ
Working on 144
Shit Parade
Working on 145
errors were had, skipping.
Working on 146
[Unknown Title]
Working on 147
BEAT ELECTRIC
Working on 148
OpenLayers: Home
Working on 149
Installing Fuseki (with TDB) server and Jena command-line tools on OS X | More Power Later
Working on 150
Validate and Store RDF data in Jena and Fuseki | More Power Later
Working on 151
Linked Data Toolshare - Google Drive
Working on 152
Messaging - Fedora 3.7 Documentation - DuraSpace Wiki
Working on 153
Mastering the Ackermann Function | marzapower
Working on 154
errors were had, skipping.
Working on 155
#puppet IRC logs
Working on 156
Midwest - Code4Lib
Working on 157
errors were had, skipping.
Working on 158
Byte Rot: API Layer and its responsibilities - a REST viewpoint
Working on 159
Very Gentle Linked Data Workshop Resources - ELAG 2013
Working on 160
Code for America | A New Kind of Public Service
Working on 161
[Unknown Title]
Working on 162
Welcome | Flask (A Python Microframework)
Working on 163
About: Kurt Vonnegut
Working on 164
DIYHistory | Transcribe
Working on 165
ArborWiki - Ann Arbor
Working on 166
OpenRefine
Working on 167
Women track athletes jumping hurdles, The University of Iowa, 1920s :: Iowa City Town and Campus Scenes
Working on 168
fedClerk - Google Drive
Working on 169
  TED talks are lying to you - Salon.com
Working on 170
Introduction to OOP with Python
Working on 171
API:Client code - MediaWiki
Working on 172
errors were had, skipping.
Working on 173
Ghost - Just a blogging platform
Working on 174
MSU Libraries |
Working on 175
Google Docs - Online documents, spreadsheets, presentations, surveys, file storage and more
Working on 176
Twisted Documentation: Choosing a Reactor and GUI Toolkit Integration
Working on 177
twisted.internet.interfaces.IReactorTCP : API documentation
Working on 178
[Unknown Title]
Working on 179
Annual Conference | Welcome to the Michigan Library Association
Working on 180
Free Mercurial and Git Client for Windows and Mac | Atlassian SourceTree
Working on 181
GitHub and Government | Make government better, together.
Working on 182
[Unknown Title]
Working on 183
errors were had, skipping.
Working on 184
Life-Saving: The National Software Reference Library | The Signal: Digital Preservation
Working on 185
errors were had, skipping.
Working on 186
An Introduction to Asynchronous Programming and Twisted | krondo
Working on 187
UBASIC/Scripts: Ultra Intervalometer - CHDK Wiki
Working on 188
Online Archive of California
Working on 189
at_tracer_ead
Working on 190
GoInstant - Snakes
Working on 191
errors were had, skipping.
Working on 192
 New Li ion Battery for Asus K50AE K50AF K50IP K601 K70IC P50IJ X5DIJ SX039C X65 | eBay
Working on 193
 New Li ion Battery for Asus K50AE K50AF K50IP K601 K70IC P50IJ X5DIJ SX039C X65 | eBay
Working on 194
I challenged hackers to investigate me and what they found out is chilling | PandoDaily
Working on 195
The Metropolitan Museum of Art - Titles with full-text online
Working on 196
How to Create a Sublime Text 2 Plugin | Nettuts+
Working on 197
User talk:Michael Barera - Wikipedia, the free encyclopedia
Working on 198
$10 Smartphone to digital microscope conversion!
Working on 199
Mozilla Location Service - Overview
Working on 200
 Asus K601 Battery | eBay
Working on 201
errors were had, skipping.
Working on 202
MLA 2014 Technologies & Trends Workshop Call for Proposals
Working on 203
30 Ways to Die of Electrocution - a set on Flickr
Working on 204
[Unknown Title]
Working on 205
Commons:Commons API - Wikimedia Commons
Working on 206
The Tragedy of the Commons 
Working on 207
API:Main page - MediaWiki
Working on 208
[Unknown Title]
Working on 209
The Big Data Brain Drain: Why Science is in Trouble
Working on 210
Montreal Hotel Downtown - Best Western Hotel Europa in Montreal
Working on 211
[Unknown Title]
Working on 212
errors were had, skipping.
Working on 213
Will Bond - Software engineer and open source enthusiast
Working on 214
errors were had, skipping.
Working on 215
Spime - Wikipedia, the free encyclopedia
Working on 216
CodeFlower Source code visualization
Working on 217
[Unknown Title]
Working on 218
Gmane -- Fedora Datastream Methods  the more gentle introduction
Working on 219
[Unknown Title]
Working on 220
[Unknown Title]
Working on 221
[Unknown Title]
Working on 222
LOOKING for LAO - Not Fade Away
Working on 223
Mary Blair - Wikipedia, the free encyclopedia
Working on 224
Pleasure Boat Records
Working on 225
Nikon Df Camera
Working on 226
Real-time HTML Editor
Working on 227
errors were had, skipping.
Working on 228
archival context on the web | inkdroid
Working on 229
SourceForge.net: Installation - djatoka
Working on 230
Giphy Hot100: The Hottest Gifs on the Internet RIGHT NOW!
Working on 231
[Unknown Title]
Working on 232
You Suck At PowerPoint!
Working on 233
[Unknown Title]
Working on 234
Metadata upload - DPLA Dev Wiki
Working on 235
About | inkdroid
Working on 236
HDMI Cable, Home Theater Accessories, HDMI Products, Cables, Adapters, Video/Audio Switch, Networking, USB, Firewire, Printer Toner, and more! - Monoprice.com
Working on 237
python - How do I resize an image using PIL and maintain its aspect ratio? - Stack Overflow
Working on 238
exception - Dealing with "java.lang.OutOfMemoryError: PermGen space" error - Stack Overflow
Working on 239
start tomcat with specific java parameters - Stack Overflow
Working on 240
errors were had, skipping.
Working on 241
imgserve 0.2 : Python Package Index
Working on 242
[Unknown Title]
Working on 243
23 Amazing Ways To Eat A Baked Potato For Dinner
Working on 244
errors were had, skipping.
Working on 245
SKOS Simple Knowledge Organization System - home page
Working on 246
[Unknown Title]
Working on 247
[Unknown Title]
Working on 248
SPC Hourly Mesoscale Analysis
Working on 249
[Unknown Title]
Working on 250
[Unknown Title]
Working on 251
Twisted Documentation: Asynchronous Responses
Working on 252
Semaphore (programming) - Wikipedia, the free encyclopedia
Working on 253
An Introduction to Asynchronous Programming and Twisted | krondo
Working on 254
[Unknown Title]
Working on 255
ClickHeat
Working on 256
errors were had, skipping.
Working on 257
Single File PHP Gallery 4.1.1
Working on 258
Code4Lib 2014 | code4lib
Working on 259
WSU Libraries - lib3
Working on 260
SSRN Author Page for Smith, Richard J.
Working on 261
[Unknown Title]
Working on 262
Fun and unusual HTTP response headers
Working on 263
Text analysis, wordcount, keyword density analyzer, prominence analysis 
Working on 264
TIPR: Towards Interoperable Preservation Repositories
Working on 265
Apple - iPhone - Compare Models
Working on 266
XOWA Requirements
Working on 267
[Unknown Title]
Working on 268
DOOM 1, DOOM 2, DOOM 3 game wad files for download / Playing Doom on Debian Linux via FreeDoom open source doom engine | Walking in Light with Christ - Faith, Computing, Diary
Working on 269
DroidViews   |  How to Install Android 4.2 Photosphere Camera on Samsung Galaxy S4
Working on 270
Chocolate Doom | Free Games software downloads at SourceForge.net
Working on 271
Twisted Documentation: Deferred Reference
Working on 272
Closures: Front to Back | Nettuts+
Working on 273
Untitled Portrait of a Hound | PhotoSeed
Working on 274
Welcome - Learn Java - Free Interactive Java Tutorial
Working on 275
errors were had, skipping.
Working on 276
[Unknown Title]
Working on 277
fedora_admin.pl - Fedora Commons Administrative client - metacpan.org - Perl programming language
Working on 278
[Unknown Title]
Working on 279
WorldCat Search API - Formatted Citations | OCLC Developer Network
Working on 280
[Unknown Title]
Working on 281
Federal Agencies Digitization Guidelines Initiative
Working on 282
Google Correlate
Working on 283
  Google Maps  
Working on 284
Google Maps
Working on 285
The Archive-It Blog | A web archiving service of the Internet Archive for librarians, curators, and archivists to harvest and preserve digital collections
Working on 286
Three-Dimensional Mid-Air Acoustic Manipulation [Acoustic Levitation] (2013,2014-) - YouTube
Working on 287
Teaching Software Architecture: with GitHub! | Arie van Deursen
Working on 288
Document APIs
Working on 289
Prologue: How to Program
Working on 290
[Unknown Title]
Working on 291
Across Southern Africa
Working on 292
[Unknown Title]
Working on 293
Wayne State University Libraries Illiad and EZProxy Stats
Working on 294
Google Drive
Working on 295
Electronic Maproom Archives
Working on 296
[Unknown Title]
Working on 297
NFL 2013 Playoff Schedule - NFL.com
Working on 298
[Unknown Title]
Working on 299
Solr Admin
Working on 300
160 year-old Documents Intentionally Destroyed in Franklin County, N.C. | Stumbling in the Shadows of Giants
Working on 301
visualization - google.load causes empty dom/screen - Stack Overflow
Working on 302
TextSuite - Wayne State
Working on 303
errors were had, skipping.
Working on 304
[Unknown Title]
Working on 305
 XPS 13 Developer Edition | Dell 
Working on 306
[Unknown Title]
Working on 307
entros's Library
Working on 308
Help - Photosynth
Working on 309
Watch 'The Simpsons' Tribute to Hayao Miyazaki | Splitsider
Working on 310
Degree Programs - Computer Science - College of Engineering - Wayne State University
Working on 311
errors were had, skipping.
Working on 312
Graduate School - Graduate Admissions Office Application Deadlines
Working on 313
Shows : Chopped : Food Network
Working on 314
errors were had, skipping.
Working on 315
[Unknown Title]
Working on 316
[Unknown Title]
Working on 317
 Wooden Butter Dough Bowl Hand Carved Folk Primitive Tradtional Rustic Americana | eBay 
Working on 318
 New in Box SodaStream Jet Starter Kit Cherry Red Frustration Free Packaging | eBay 
Working on 319
 Early Wood Dough Bowl Primitive Masher Old Farmhouse Kitchen Vtg Tools AAFA | eBay 
Working on 320
 Vintage Birds Eye Maple Large Wood Dough Work Bowl Off Round 4 3 4" Deep | eBay 
Working on 321
 Vintage Primitive Out of Round Wooden Butter Dough Bowl Unsigned | eBay 
Working on 322
 Early Antique Wood Dough Bowl w Rim Dark Patina No Finish | eBay 
Working on 323
 Antique Turned Wooden Bowl Dough Bowl 15 x 14 | eBay 
Working on 324
 SodaStream Home Soda Maker Jet | eBay 
Working on 325
Making Bread and Memories  |  Bowls & Boards
Working on 326
WD My Passport Ultra 2TB USB 3.0 Portable Drive with Auto and Cloud Backup - Red: Amazon.co.uk: Computers & Accessories
Working on 327
 Vintage Wood Fruit Dough Bowl Heavy Out of Round Primitive Wear Patina Antique | eBay 
Working on 328
 Antique Primitive Turned Out of Round 13" Wooden Dough Bowl 4" Deep | eBay 
Working on 329
Know your enemy - Art print - ilovedoodle - The visual art of Lim Heng Swee
Working on 330
Beat of Life - Art print - ilovedoodle - The visual art of Lim Heng Swee
Working on 331
Star Track - Art print - ilovedoodle - The visual art of Lim Heng Swee
Working on 332
TextSuite - Wayne State
Working on 333
Colour film of London in 1927 - YouTube
Working on 334
The Daily Habits of Highly Productive Philosophers: Nietzsche, Marx & Immanuel Kant | Open Culture
Working on 335
errors were had, skipping.
Working on 336
:: Department of Computer Science - Wayne State University ::
Working on 337
errors were had, skipping.
Working on 338
[Unknown Title]
Working on 339
Philip Guo - Software Projects
Working on 340
papuce - Google Search
Working on 341
craigslistmirrors
Working on 342
JS: The Right Way
Working on 343
Video seek requiring pre-buffering to that point? / Problems / Discussion Area - Video.js - HTML5 Video Player Support
Working on 344
Fedora Commons Users - [fcrepo-user] Streaming media and Fedora
Working on 345
How a Math Genius Hacked OkCupid to Find True Love - Wired Science
Working on 346
   Christ, I hate Blackboard - Lawyers, Guns & Money  : Lawyers, Guns & Money
Working on 347
The miracle of life can be a bit freaky... - quickmeme
Working on 348
[Unknown Title]
Working on 349
The Descent to C
Working on 350
[Unknown Title]
Working on 351
Digital Collections - Wayne State University Libraries
Working on 352
 Russell Brand: my life without drugs | Culture | The Guardian 
Working on 353
errors were had, skipping.
Working on 354
Four Cylinders of Fury 2.3L Resource Page
Working on 355
[Unknown Title]
Working on 356
[Unknown Title]
errors were had, skipping.
Working on 357
A cloud storage service and bittorrent engine combined: put.io
errors were had, skipping.
Working on 358
You Might Not Need jQuery
Working on 359
On Smarm
Working on 360
 HP Z400 Workstation Quad Core Xeon W3520 2 66GHz 2GB RAM Win 7 COA Free EXTRAS | eBay 
Working on 361
 HP Z400 Workstation Quad Core Xeon W3520 2 66GHz 2GB Win 7 Installed 250GB HDD | eBay 
Working on 362
 HP Workstation Z400 Dual Core Xeon W3505 2 53GHz 4GB 160GB NVS 295 Free SHIP | eBay 
Working on 363
 HP XW8200 Workstation 1 x Intel Xeon 3 0 GHz 3GB RAM NVIDIA Quadro4 400NVS | eBay 
Working on 364
 Dell Vostro 200 Desktop with Intel Core 2 Duo 3 00GHz 4GB RAM 250GB HDD | eBay 
Working on 365
 Dell Optiplex 755 3 0GHz Intel Core 2 Duo E8400 4GB 250GB Radeon HD3450 | eBay 
Working on 366
 HP XW8400 Workstation with Two Intel Xeon Dual Core 2 66GHz 8GB RAM 320GB HDD | eBay 
Working on 367
 HP XW8200 Workstation 2X 3 8GHz 4GB 80GB CDROM Keyboard Mouse | eBay 
Working on 368
 HP Z600 Workstation Intel Xeon E5640 2 66 GHz | eBay 
Working on 369
 HP XW4600 Workstation 3 0GHz Core 2 Duo 1TB 8GB DVD RW FX580 Win7 Pro 64 Bit | eBay 
Working on 370
 HP Z400 Workstation Xeon Quad Core W3565 3 2GHz 8GB 1TB DVDRW Windows 7 Pro | eBay 
Working on 371
 HP Z400 Workstation Quad Core Xeon E5520 2 26GHz 4GB RAM No HDD | eBay 
Working on 372
BBC iPlayer - Winter Olympics: Sochi 2014: Day 2, Part 1 - 6.00am to 9.00am
Working on 373
Sochi 2014: Day two - BBC Sport
Working on 374
BBC - Search results for Winter
Working on 375
Sochi 2014 Winter Olympics - BBC Sport
Working on 376
reddit: the front page of the internet
Working on 377
Digital Collections - Wayne State University Libraries
Working on 378
Testing, Evaluation & Student-Life Research
Working on 379
[Unknown Title]
Working on 380
[Unknown Title]
Working on 381
  Episode Index  The Flop House
Working on 382
[Unknown Title]
Working on 383
[Unknown Title]
Working on 384
jQuery Notebook Demo
Working on 385
Walt at Random  
Working on 386
Benchmark Results: 3D Animation Tests - HP's Z400 Workstation Runs The Tom's Hardware Gauntlet
Working on 387
Ultrasound Networking | Anfractuosity | Still waiting on the daybreak, its shadows in my mind
Working on 388
errors were had, skipping.
Working on 389
The Samaritans - Comedy TV Series
Working on 390
[Unknown Title]
Working on 391
errors were had, skipping.
Working on 392
IIPImage  
Working on 393
errors were had, skipping.
Working on 394
Discovery of quantum vibrations in microtubules inside brain neurons supports controversial theory of consciousness -- ScienceDaily
Working on 395
Digital Collections - Wayne State University Libraries
Working on 396
 Speech habits: Uptalk | Books | The Guardian 
Working on 397
ON LANGUAGE; Like, Uptalk? - New York Times
Working on 398
Log in - Free Credit Scores & Credit Report Monitoring | Credit Karma
errors were had, skipping.
Working on 399
Index of /MyWeb/public/dropbox
errors were had, skipping.
Working on 400
Advanced Copy (ZWICKE.ORG)
errors were had, skipping.
Working on 401
errors were had, skipping.
Working on 402
errors were had, skipping.
Working on 403
Employee Tuition Assistance - Total Compensation and Wellness - Human Resources - Wayne State University
errors were had, skipping.
Working on 404
 BBC Sport - Winter Olympics, Sochi 2014  - Episode guide 
errors were had, skipping.
Working on 405
what. (Bo Burnham FULL SHOW HD) - YouTube
errors were had, skipping.
Working on 406
WSU Email and Collaboration - Log In
errors were had, skipping.
Working on 407
errors were had, skipping.
Working on 408
reddit: the front page of the internet
errors were had, skipping.
Working on 409
Misleading Graph Generator
errors were had, skipping.
Working on 410
[Unknown Title]
errors were had, skipping.
Working on 411
Groklaw - Digging for Truth
errors were had, skipping.
Working on 412
 C02 Regulator Primary 300 PSI Chudnow Grow Plant Flowgauge Hydroponics | eBay 
errors were had, skipping.
Working on 413
 [SOLVED] Diagnostics policy service wont start - Tech Support Forum
errors were had, skipping.
Working on 414
nVIDIA Quadro/ NVS/ Tesla/ Grid Desktop Driver 334.95 WHQL - Drivers - Softexia
errors were had, skipping.
Working on 415
Economy Soda Regulator 
errors were had, skipping.
Working on 416
errors were had, skipping.
Working on 417
radicalcartography
errors were had, skipping.
Working on 418
errors were had, skipping.
Working on 419
Hydra Project
errors were had, skipping.
Working on 420
Clare Maguire
errors were had, skipping.
Working on 421
Amazon.com: Cuisinart TOB-40 Custom Classic Toaster Oven Broiler: Home & Kitchen
errors were had, skipping.
Working on 422
 New Replacement Fuel Pump and Install Kit 3607 | eBay 
errors were had, skipping.
Working on 423
Steven Loria | Python Best Practice Patterns by Vladimir Keleshev (Notes)
errors were had, skipping.
Working on 424
butterfly your everyday terminal in your web browser
errors were had, skipping.
Working on 425
[Unknown Title]
errors were had, skipping.
Working on 426
 Carbonating at Home with Improvised Equipment and Soda Fountains 
errors were had, skipping.
Working on 427
File Uploads | Django documentation | Django
errors were had, skipping.
Working on 428
Touch Mathematics | Trigonometry
errors were had, skipping.
Working on 429
[Unknown Title]
errors were had, skipping.
Working on 430
How to found a library in Hillsdale Michigan
errors were had, skipping.
Working on 431
[Unknown Title]
errors were had, skipping.
Working on 432
Lincoln Letter Test
errors were had, skipping.
Working on 433
MooTools - a compact javascript framework
errors were had, skipping.
Working on 434
IIP Server
errors were had, skipping.
Working on 435
errors were had, skipping.
Working on 436
Clear Sans | 01.org
errors were had, skipping.
Working on 437
Medium
errors were had, skipping.
Working on 438
@ fat
errors were had, skipping.
Working on 439
User account | We the People: Your Voice in Our Government
errors were had, skipping.
Working on 440
Public Service Loan Forgiveness | Federal Student Aid
errors were had, skipping.
Working on 441
WSU iipsrv imageviewer
errors were had, skipping.
Working on 442
VidBull - Watch Chopped.S18E15.Grandma.vs.Grandma.HDTVx264-pwe_wso.mp4.mp4
errors were had, skipping.
Working on 443
TIFF, Pyramid
errors were had, skipping.
Working on 444
Fuel System: Pumps, Relays 
errors were had, skipping.
Working on 445
[Unknown Title]
errors were had, skipping.
Working on 446
Gmail
errors were had, skipping.
Working on 447
Amazon.com: Rosewill Mechanical Keyboard with Cherry MX Brown Switch (RK-9000BR): Computers & Accessories
errors were had, skipping.
Working on 448
Amazon.com : SteelSeries 6Gv2 Mechanical Gaming Keyboard : Computer Keyboards : Computers & Accessories
errors were had, skipping.
Working on 449
Google Drive
errors were had, skipping.
Working on 450
  Raspberry Pirate Radio | MAKE
errors were had, skipping.
Working on 451
IPython: The Complete Beginners Guide | Pypix
errors were had, skipping.
Working on 452
[Unknown Title]
errors were had, skipping.
Working on 453
[Unknown Title]
errors were had, skipping.
Working on 454
[Unknown Title]
errors were had, skipping.
Working on 455
Call for Proposals: Digital Preservation 2014 | The Signal: Digital Preservation
errors were had, skipping.
Working on 456
20 Jokes That Only Intellectuals Will Understand. Number 5 Took Me A Minute.
errors were had, skipping.
Working on 457
Work to Weekend Khakis - Classic Fit, Flat Front - Haggar
errors were had, skipping.
Working on 458
OpenStreetMap Tile Source | OpenSeadragon
errors were had, skipping.
Working on 459
How to Quit Smoking - Existential Comics
errors were had, skipping.
Working on 460
Quake 1 (download torrent) - TPB
errors were had, skipping.
Working on 461
Quake (download torrent) - TPB
errors were had, skipping.
Working on 462
Shu Uesugi, Designer
errors were had, skipping.
Working on 463
2048
errors were had, skipping.
Working on 464
Bill Rauhauser photographs Detroit in black and white.
errors were had, skipping.
Working on 465
Time Machine not completing backup due to backup disk already in use
errors were had, skipping.
Working on 466
Arborisoft - Sharing IT knowledge, and more
errors were had, skipping.
Working on 467
Auburn Hills Family Dentistry | Meet the Rochester Advanced Dentistry Team
errors were had, skipping.
Working on 468
WSU Libraries: Law LibGuides Directory
errors were had, skipping.
Working on 469
Metric | Blog: A JSON field type for Django
errors were had, skipping.
Working on 470
User paxdiablo - Stack Overflow
errors were had, skipping.
Working on 471
LAUDATIO - Description
errors were had, skipping.
Working on 472
[Unknown Title]
errors were had, skipping.
Working on 473
errors were had, skipping.
Working on 474
Virtuoso Open-Source Wiki : Virtuoso Open-Source Edition
errors were had, skipping.
Working on 475
errors were had, skipping.
Working on 476
SimpleDiagrams2 | Create simple diagrams in a snap!
errors were had, skipping.
Working on 477
Color Wheel
errors were had, skipping.
Working on 478
errors were had, skipping.
Working on 479
[Unknown Title]
errors were had, skipping.
Working on 480
Sweet Tools | AI3:::Adaptive Information
errors were had, skipping.
Working on 481
[Unknown Title]
errors were had, skipping.
Working on 482
Google Maps
errors were had, skipping.
Working on 483
The Scroll of Bifurcating Considerations: Search results for bigeumdo
errors were had, skipping.
Working on 484
How to Use "Who" and "Whom" Correctly (with Examples) - wikiHow
Working on 485
[Unknown Title]
Working on 486
Sketch2Photo
Working on 487
errors were had, skipping.
Working on 488
[Unknown Title]
Working on 489
Mithril
Working on 490
What Could Curation Possibly Mean? | The Signal: Digital Preservation
Working on 491
MODIS Overview | LP DAAC :: NASA Land Data Products and Services
Working on 492
[Unknown Title]
Working on 493
FINALLY
Working on 494
Google
Working on 495
[Unknown Title]
Working on 496
incredible thing
Working on 497
amazing website
Working on 498
JavaScript: location.href to open in new window/tab? - Stack Overflow
Working on 499
Digital Collections - Wayne State University Libraries
Working on 500
Digital Collections - Wayne State University Libraries
Working on 501
errors were had, skipping.
Working on 502
do not need this
Working on 503
linkPad
Working on 504
Amazon.com: Haggar Men's Work To Weekend Hidden Expandable Waist No Iron Plain Front Pant:
Working on 505
Search All By B. D. Owens Library, Northwest Missouri State University EDITED
Working on 506
Seattle Now & Then: the 45th Street Viaduct | DorpatSherrardLomont
Working on 507
QUADRO/NVS/TESLA/GRID DESKTOP DRIVER RELEASE 331
Working on 508
When add something, that pop-up should have a link to the main site...
Working on 509
this is the number 3 GOOBERt
Working on 510
linkPad2 - Alpha
Working on 511
CHANGED
Working on 512
Teen to government: Change your typeface, save millions - CNN.com
Working on 513
Introducing Michael Abrash, Oculus Chief Scientist | Oculus Rift - Virtual Reality Headset for 3D Gaming
Working on 514
IMG 0394 1 | Flickr - Photo Sharing!
Working on 515
Benton.io : Learn To Build
Working on 516
Crazy Awesome old car
Working on 517
ACRL 2015 Program  
Working on 518
Academic Commons
Working on 519

		Commons In A Box	
	
Working on 520
variables - Javascript window.open size not working properly. Height okay, width messed up - Stack Overflow
Working on 521
Mullett Lake Vacation Rental - VRBO 431874 - 2 BR Northeast Cottage in MI, Sunrise Sunsation Lakeshore Cottage W/Outdoor Hot Tub on Mullett Lake
Working on 522
Sony releases the Holy Grail: A flexible e-ink screen | Tech Geek Forever
Working on 523
errors were had, skipping.
Working on 524
sad little girl
Working on 525
javascript - What is Node.js? - Stack Overflow
Working on 526
errors were had, skipping.
Working on 527
BETTER TITLE
Working on 528
Converge and Ingest 2014: Building a Toolbox Colloquium | WSU NDSA Student Chapter
Working on 529
the node.js aesthetic :: The Universe of Discord
Working on 530
Big data: are we making a big mistake? - FT.com
Working on 531
Stevey's Blog Rants: Execution in the Kingdom of Nouns
Working on 532
Why I switched to Node.js | Bearfruit
Working on 533
If Humans used Animal Mating Rituals - 9GAG
Working on 534
The JavaScript Minefield
Working on 535
Backbone.js
Working on 536
Build your own Google TV Using RaspberryPi, NodeJS and Socket.io | Donald's Blog
Working on 537
Digital Collections - Wayne State University Libraries
Working on 538
WSU Digital Collections Image Viewer
Working on 539
Defining Collections in Distributed Digital Libraries
Working on 540
Using PhantomJS at scale | SmugMug Sorcery
Working on 541
Collection (artwork) - Wikipedia, the free encyclopedia
Working on 542

Redis new data structure: the HyperLogLog - Antirez weblog

Working on 543
CD.TEXTFILES.COM: The Collection
Working on 544
Felix's Node.js Guide
Working on 545
The daily schedules of the world's greatest geniuses
Working on 546
Twitter / CrapTaxidermy: "Fetch me an Aspirin and a ...
Working on 547
Less Talk, More Code: Python in a Pairtree
Working on 548
A Christmas Carol | Read.gov | Library of Congress
Working on 549
textAnalysis - Wayne State
Working on 550
PairTree - Curation - Confluence
Working on 551
Crap Taxidermy (CrapTaxidermy) on Twitter
Working on 552
errors were had, skipping.
Working on 553
CrowdAsk
Working on 554
errors were had, skipping.
Working on 555
Twitter / CrapTaxidermy: The rare receding Lion, captured ...
Working on 556
errors were had, skipping.
Working on 557
errors were had, skipping.
Working on 558
errors were had, skipping.
Working on 559
errors were had, skipping.
Working on 560
errors were had, skipping.
Working on 561
DistributedSearch - Solr Wiki
Working on 562
Join - Solr Wiki
Working on 563
Programming languages are the least usable, but most powerful human-computer interfaces ever invented | Bits and Behavior
Working on 564
What's the difference between list and tuples in Python? - Stack Overflow
Working on 565
errors were had, skipping.
Working on 566
13 Things You Didn't Know You Could Do On Spotify
Working on 567
stomp.py 4.0.11 : Python Package Index
Working on 568
BASIC at 50
Working on 569
Get Comic Neue
Working on 570
STOMP
Working on 571
The Conet Project - Recordings of Shortwave Numbers Stations [ird059] : Free Download & Streaming : Internet Archive
Working on 572
Yellow Wall-Paper - textAnalysis
Working on 573
Project Sanguine - Wikipedia, the free encyclopedia
Working on 574
Heartbleed should bleed X.509 to death
Working on 575
errors were had, skipping.
Working on 576
Watch Party Down Serie Online - Watch Series
Working on 577
OEDILF - Documents
Working on 578
OEDILF - Word Lookup
Working on 579
Jim's Blog: Six programming paradigms that will change how you think about coding
Working on 580
python - How to stream an HttpResponse with Django - Stack Overflow
Working on 581
Simple Long Polling Example with JavaScript and jQuery
Working on 582
Installation on Ubuntu | Varnish Community
Working on 583
Homepage | Celery: Distributed Task Queue
Working on 584
errors were had, skipping.
Working on 585
Atomic_Updates - Solr Wiki
Working on 586
The WebSocket API
Working on 587
errors were had, skipping.
Working on 588
The Flask Mega-Tutorial, Part I: Hello, World! - miguelgrinberg.com
Working on 589
Javascript Tracking client How-to - Piwik Analytics - Developer Docs
Working on 590
Digital Collections at Wayne State University Libraries - Wayne State University Blogs
Working on 591
Digital Collections at Wayne State University Libraries - Wayne State University Blogs
Working on 592
Limerick Challenge 2014 - Wayne State University Library
Working on 593
CSS Font Stack :: A complete collection of web safe CSS font stacks :: Web Fonts
Working on 594
Simplifying Django - Programming - O'Reilly Media
Working on 595
OEDILF - The Omnificent English Dictionary In Limerick Form
Working on 596
 The Guardian Open Platform | Open Platform | The Guardian 
Working on 597
Solr - User - Solr / Tika crashing when attempting to index large files
Working on 598
Python Requests module JSON format - Stack Overflow
Working on 599
2011 Waltham triple murder - Wikipedia, the free encyclopedia
Working on 600
Ibragim Todashev - Wikipedia, the free encyclopedia
Working on 601
HiRISE | Dust Devils Dancing on Dunes (PSP_005383_1255)
Working on 602
httpbin(1): HTTP Client Testing Service
Working on 603
errors were had, skipping.
Working on 604
errors were had, skipping.
Working on 605
Haystack - Search for Django
Working on 606
 92 93 94 95 96 97 Volvo 960 Left Driver Side View Door Power Mirror | eBay 
Working on 607
Server-sent events with Python,Twisted and Flask: is this a correct approach for sleeping? - Stack Overflow
Working on 608
 98 99 00 Volvo S70 Left Side View Mirror Power 263999 | eBay 
Working on 609
 98 99 00 Volvo S70 L Side View Mirror 139 | eBay 
Working on 610
Radio Archive by Date | This American Life
Working on 611
Bachelor Party (1984) - IMDb
Working on 612
Slowloris HTTP DoS
Working on 613
errors were had, skipping.
Working on 614
THIS IS A GOOD ONE - WHOLE CAR - CAN PROBABLY GET THE WHOLE UNIT - 92 93 94 95 Volvo 940 L Side View Mirror Power 296119 | eBay 
Working on 615
redis - Status of Python Celery tasks - Stack Overflow
Working on 616
errors were had, skipping.
Working on 617
errors were had, skipping.
Working on 618
Play Ratatouille (2007)   on  - Version 1945785 - SolarMovie
Working on 619
Admin Blueprint | Flask (A Python Microframework)
Working on 620
Mel's Hole- hideousmonster.com
Working on 621
Tyblog | SSH Kung Fu
Working on 622
Someone Ate This
Working on 623
9780840068071: Precalculus: Mathematics for Calculus - New & Used Books & Textbooks at Alibris Marketplace
Working on 624
First Steps with Celery: How to Not Trip | Hairy Code
Working on 625
errors were had, skipping.
Working on 626
How I Structure My Flask Applications
Working on 627
Search Results - LC Linked Data Service (Library of Congress)
Working on 628
Getting bigger with Flask | The Traveling Coder
Working on 629
Volvo Fuel Tank Pump/Sender Replacement
Working on 630
chopped.s06e05.hdtv.xvid-shotv.avi | Firedrive
Working on 631
"ARISTOTLE" (THE KNOWLEDGE WEB) | Edge.org
Working on 632
Alberto Cardinali Men's 2-Piece Slim-Fit Suit   Deal of the Day | Groupon 
Working on 633
Professional Master's Program | Computer Science & Engineering
Working on 634
Alberto Cardinali Men's Two-Piece Suit
Working on 635
Courses in Computer Science and Engineering | Computer Science & Engineering
Working on 636
Draios | Fishing for Hackers: Analysis of a Linux Server Attack
Working on 637
Gurney Journey: Pareidoloop
Working on 638
Education | Computer Science & Engineering
Working on 639
The Scroll of Bifurcating Considerations
Working on 640
pareidoloop
Working on 641
errors were had, skipping.
Working on 642
errors were had, skipping.
Working on 643
errors were had, skipping.
Working on 644
Catch-All URL | Flask (A Python Microframework)
Working on 645
Ann Arbor Ultimate
Working on 646
errors were had, skipping.
Working on 647
Snippets Archive | Flask (A Python Microframework)
Working on 648
Quill - An Open Source Rich Text Editor with an API
Working on 649
ASCIIcam
Working on 650
Detroit, Michigan (48202) Conditions & Forecast | Weather Underground
Working on 651
errors were had, skipping.
Working on 652
Time of creation of key in redis - Stack Overflow
Working on 653
errors were had, skipping.
Working on 654
redis 2.9.1 : Python Package Index
Working on 655
errors were had, skipping.
Working on 656
errors were had, skipping.
Working on 657
Google PDF about Crazy Town Networks and Algorithms
Working on 658
Femtastic Lit: History's 10 greatest sci-fi novels written by women - WhizzPast
Working on 659
errors were had, skipping.
Working on 660
COULD NOT RETRIEVE
Working on 661
Set-Builder Notation
Working on 662
errors were had, skipping.
Working on 663
G.S. Hukill (gshukill) on Twitter
Working on 664
errors were had, skipping.
Working on 665
errors were had, skipping.
Working on 666
Getting High on Krystle | VICE United States
Working on 667
fm2 - this is what we want to do, server-side processing
Working on 668
errors were had, skipping.
Working on 669
StrongLifts 5x5: A Simple Workout To Get Stronger
Working on 670
errors were had, skipping.
Working on 671
COULD NOT RETRIEVE
Working on 672
fm2 - Graham userPage
Working on 673
Data Tables
Working on 674
COULD NOT RETRIEVE
Working on 675
python - Efficiently updating database using SQLAlchemy ORM - Stack Overflow
Working on 676
Parks Canada - Bruce Peninsula National Park - Cyprus Lake Campground
Working on 677
Unreasonable Effectiveness of Data
Working on 678
errors were had, skipping.
Working on 679
errors were had, skipping.
Working on 680
COULD NOT RETRIEVE
Working on 681
DataTables - Usage
Working on 682
Parks Canada - Bruce Peninsula National Park - Map of Backcountry Camping at Bruce Peninsula National Park
Working on 683
Parks Canada - Bruce Peninsula National Park - Backcountry Camping
Working on 684
ghukill question on datatables
Working on 685
Poplar Camgrounds @ Cyprus Lake
Working on 686
One Bedroom Overlooking the Lake. Move in Today!
Working on 687
Survivor Benefits - VA form 21-534
Working on 688
errors were had, skipping.
Working on 689
WelcomeBackVeterans.org
Working on 690
Composoablity vs. Contextual Desig
Working on 691
One Bedroom Overlook a Beautiful Grassy Meadow! Move in for Free! 
Working on 692
New Balance Classics ML565 Grey SP14 - Zappos.com Free Shipping BOTH Ways
Working on 693
Furry companions allowed! No weight restriction!
Working on 694
Quaint two bedroom house available immediately!
Working on 695
The illusionist (2006) 720P Full Movie - YouTube
Working on 696
errors were had, skipping.
Working on 697
 Honda CL | eBay 
Working on 698
Digital Preservation DP 2014 - Schedule Program
Working on 699
Louis C.K.'s GQ Cover Story - May 2014
Working on 700
Gorgeous one-bedroom on special at beautiful Village Park of Ann Arbor
Working on 701
cute little cottage home in lovely tree lined Normal Park
Working on 702
1380 Delaware Avenue, Ypsilanti MI - Trulia
Working on 703
Reserve Today and Get A Great Summer Deal
Working on 704
Discover Six Trails in Saline
Working on 705
813 Frederick Street, Ypsilanti MI - Trulia - Brad Blair
Working on 706
813 Frederick Street, Ypsilanti MI - Trulia
Working on 707

Official Google Blog: Just press go: designing a self-driving vehicle 

Working on 708
Awesome House, Hardwoods, Backyard, Great Neighborhood!
Working on 709
Getting Started | The Scala Programming Language
Working on 710
The Mitchell and Webb Situation - Farming - YouTube
Working on 711
CVreviewTool
Working on 712
Stephen Hukill Gallery
errors were had, skipping.
Working on 713
Mind of Plants : Documentary on The Intelligence of Plants - YouTube
errors were had, skipping.
Working on 714
mom expenses
errors were had, skipping.
Working on 715
2 bedroom house southeast ann arbor
errors were had, skipping.
Working on 716
Ypsilanti Home for rent - campbell
errors were had, skipping.
Working on 717
Quiet 3 bedroom - Belleville
errors were had, skipping.
Working on 718
Electro-Optic Camera: The first DSLR
errors were had, skipping.
Working on 719
The World as 100 People | Visual.ly
errors were had, skipping.
Working on 720
Google Docs - create and edit documents online, for free.
errors were had, skipping.
Working on 721
Redis4You Redis Hosting | Article Library | Redis high traffic connection issue
errors were had, skipping.
Working on 722
Survivors Pension Rate Tables - Effective 12/1/13 - Pension
errors were had, skipping.
Working on 723
jmasm time log timesheet
errors were had, skipping.
Working on 724
Dependency and Indemnity Compensation - Compensation
errors were had, skipping.
Working on 725
errors were had, skipping.
Working on 726
DIC proof - disability - minnesota - indemnity
errors were had, skipping.
Working on 727
The Aid & Attendance Improved Pension
errors were had, skipping.
Working on 728
Survivors Pension - Pension
errors were had, skipping.
Working on 729
osx - On Mac, how do I give myself permanent sudo privleges? - Super User
errors were had, skipping.
Working on 730
ship imageviewer sketch 
errors were had, skipping.
Working on 731
Poetry JP2 
errors were had, skipping.
Working on 732
errors were had, skipping.
Working on 733
JSON-LD - JSON for Linking Data
errors were had, skipping.
Working on 734
Planet Money : NPR
errors were had, skipping.
Working on 735
The Code4Lib Journal
errors were had, skipping.
Working on 736
errors were had, skipping.
Working on 737
Socket.IO
errors were had, skipping.
Working on 738
850 -  2013 Specialized Rockhopper Comp 29er Mountain Bike Color Matte Black | eBay 
errors were had, skipping.
Working on 739
 Diamondback 2013 Overdrive 29'ER Mountain Bike with 29 inch Wheels | eBay 
errors were had, skipping.
Working on 740
Cherry Browns - Good reviews - mechanical keyboard - $100
errors were had, skipping.
Working on 741
Hyperbole and a Half: Depression Part Two
errors were had, skipping.
Working on 742
 2013 Trek Marlin 29er | eBay 
errors were had, skipping.
Working on 743
Amazon.com: Amazon Instant Video
errors were had, skipping.
Working on 744
The Failure Detector Abstraction
errors were had, skipping.
Working on 745
chopped
errors were had, skipping.
Working on 746
data tables in solr
errors were had, skipping.
Working on 747
errors were had, skipping.
Working on 748
errors were had, skipping.
Working on 749
Stack Overflow survey of 20,000 developers
errors were had, skipping.
Working on 750
fedora oai metadata prefixes
errors were had, skipping.
Working on 751
fedora - cfai collection oai_dc
errors were had, skipping.
Working on 752
fedora oai-pmh
errors were had, skipping.
Working on 753
errors were had, skipping.
Working on 754
errors were had, skipping.
Working on 755
Unchain Your Dog.org | Buid Mesh, Chicken Wire Fence for Dogs with Wood and Metal Posts
errors were had, skipping.
Working on 756
the witch's heart
errors were had, skipping.
Working on 757
Scholars Coop Blog sc blog
errors were had, skipping.
Working on 758
jQuery.xmleditor MODS Document Editing Demo
errors were had, skipping.
Working on 759
errors were had, skipping.
Working on 760
errors were had, skipping.
Working on 761
COULD NOT RETRIEVE
errors were had, skipping.
Working on 762
errors were had, skipping.
Working on 763
errors were had, skipping.
Working on 764
 Das Keyboard Model s Ultimate Soft Tactile MX Brown DASK3ULTMSI Wired Keyboard 0855800001197 | eBay 
errors were had, skipping.
Working on 765
These Plaid Shirts Come With Built-In Reflective Stripes - CityLab
errors were had, skipping.
Working on 766
Rosewill Mechanical Keyboard RK-9000BR with Cherry MX Brown Switch - Newegg.com
errors were had, skipping.
Working on 767
COULD NOT RETRIEVE
errors were had, skipping.
Working on 768
COULD NOT RETRIEVE
errors were had, skipping.
Working on 769
Paper Book by Lisa
errors were had, skipping.
Working on 770
Whats New - Custom keycaps direct from the manufacturer
errors were had, skipping.
Working on 771
REPOX
errors were had, skipping.
Working on 772
Das Keyboard Model S Professional Mechanical Keyboard Review - Das Keyboard Model S Professional
errors were had, skipping.
Working on 773
403(b) Retirement Savings Plan - Total Compensation and Wellness - Human Resources - Wayne State University
errors were had, skipping.
Working on 774
MLA 2015 Annual Working Group
errors were had, skipping.
Working on 775
Repairing/replacing single switch
Working on 776
RabbitMQ - Installing on Debian / Ubuntu
Working on 777
Deni Bertovic
Working on 778
COULD NOT RETRIEVE
Working on 779
RabbitMQ - Configuration
Working on 780
RabbitMQ - Flow Control
Working on 781
ajax - How do I detect if a user has got to a page using the back button? - Stack Overflow
Working on 782
Journal of Applied Meteorology and Climatology - American Meteorological Society
Working on 783
Monitoring python servers with pyformance and graphite
Working on 784
Make gauge charts using Canvas and Javascript
Working on 785
linux-dash : Server Monitoring Web Dashboard
Working on 786
What D3.js is Not
Working on 787
COULD NOT RETRIEVE
Working on 788
MEDIA - LAKE STREET DIVE
Working on 789
errors were had, skipping.
Working on 790
 Ikbc F104 Mechanical Keyboard Cherry MX Brown Switches w Double Shooted PBT Caps | eBay 
Working on 791
 Filco Majestouch 2 Ninja Cherry MX Brown Tactile Switch 104 Mechanical Keyboard | eBay 
Working on 792
 Filco Majestouch 2 Cherry MX Brown Tactile Switch 104 Mechanical Keyboard | eBay 
Working on 793
xml - Counter inside xsl:for-each loop - Stack Overflow
Working on 794
big wheel bike
Working on 795
COULD NOT RETRIEVE
Working on 796
Visualizing Algorithms
Working on 797
Examples - NVD3
Working on 798
NVD3
Working on 799

	HIGH-INTENSITY CIRCUIT TRAINING USING BODY WEIGHT: Maximum R... : ACSM's Health & Fitness Journal

Working on 800
errors were had, skipping.
Working on 801
Death metal band to perform inside a soundproof, airtight box in London | Culture24
Working on 802
The introduction to Reactive Programming you've been missing
Working on 803
            
    

    The city of Pripyat before the Chernobyl disaster - Imgur
Working on 804
Watch Full Movies Free Online
Working on 805
errors were had, skipping.
Working on 806
Ajenti Webserver Control Panel
Working on 807
 HerpNET
Working on 808
DigitalCommons@Macalester College - Library Technology Conference: Making It Up as We Go Along: How We Built Our Digital Collections Platform
Working on 809
errors were had, skipping.
Working on 810
Write Cleaner Python: Use Exceptions
Working on 811
errors were had, skipping.
Working on 812
COULD NOT RETRIEVE
Working on 813
errors were had, skipping.
Working on 814
errors were had, skipping.
Working on 815
COULD NOT RETRIEVE
Working on 816
Projects | code-dev.arc.nasa.gov
Working on 817
errors were had, skipping.
Working on 818
errors were had, skipping.
Working on 819
2014 Hudson Mills Metropark Fireworks
Working on 820
BIC - Universal Typeface Experiment
Working on 821
Awesome, gotta try this - fetching - solr
Working on 822
ladamic's blog
Working on 823
COULD NOT RETRIEVE
Working on 824
python - how do I use empty namespaces in an lxml xpath query? - Stack Overflow
Working on 825
Building Interactive Applications  | University of Michigan School of Information
Working on 826
errors were had, skipping.
Working on 827
PHP and MySql - Introduction to Database Applications on the Web
Working on 828

	Fireworks Filmed with a Drone, Florida

Working on 829
errors were had, skipping.
Working on 830
chopped canada online
Working on 831
errors were had, skipping.
Working on 832
errors were had, skipping.
Working on 833
python - lxml: add namespace to input file - Stack Overflow
Working on 834
Why trailing slashes on URIs are important | cdivilly
Working on 835
 [lxml-dev] adding a namespace
   
Working on 836
Digital Collections Wiki - Wayne State University
Working on 837
Fuzz - What's In My Head? - YouTube
Working on 838
COULD NOT RETRIEVE
Working on 839
#5DaysOfPreservation
Working on 840
Is that whole gamification thing really over? | Information Age
Working on 841
fm2 notes - fedoraManager2 - ouroboros
Working on 842
Ouroboros - Digital Collections Wiki - Wayne State University
Working on 843
Transcendence 2014 Full Movie Online Free - Entmovies
Working on 844
COULD NOT RETRIEVE
Working on 845
COULD NOT RETRIEVE
Working on 846
 Filco Majestouch 2 Ninja Cherry MX Brown Tactile Switch 104 Mechanical Keyboard | eBay 
Working on 847
 Filco Majestouch 2 Cherry MX Brown Tactile Switch 104 Mechanical Keyboard | eBay 
Working on 848
[Redis]  How to delete multiple keys using python api and delete and zrem - Grokbase
Working on 849
python - Add a prefix to all Flask routes? - Stack Overflow
Working on 850
errors were had, skipping.
Working on 851
Python 2.7.x and Python 3.x key differences
Working on 852
errors were had, skipping.
Working on 853
Search Animated GIFs on the Web - Giphy
Working on 854
excited gifs
Working on 855
$178, Kellog center
Working on 856
How E-Reading Threatens Learning in the Humanities - The Chronicle of Higher Education - online reading project
Working on 857
Digital Preservation 2014, Meetings & Events - Digital Preservation (Library of Congress) DP2014
Working on 858
twisted reverse proxy script python
Working on 859
errors were had, skipping.
Working on 860
Ouroboros by Abake
Working on 861
GPS and Relativity
Working on 862
errors were had, skipping.
Working on 863
What grinds my gears
Working on 864
errors were had, skipping.
Working on 865
Hunter S. Thompson On Finding Your Purpose - Viral Today
Working on 866
COULD NOT RETRIEVE
Working on 867
COULD NOT RETRIEVE
Working on 868
USGS Scientific Investigations Map 3292: Geologic Map of Mars
Working on 869
COULD NOT RETRIEVE
Working on 870
errors were had, skipping.
Working on 871
MCommunity
Working on 872
Lake, narrow strip of mountains, low horizon, "Yellowstone Lake, Yellowstone National Park," Wyoming. | Flickr - Photo Sharing!
Working on 873

	ISO 16363:2012 - Space data and information transfer systems -- Audit and certification of trustworthy digital repositories

Working on 874
How to Be a Better Online Reader : The New Yorker
Working on 875
Weather Icons - 123 Icon Font inspired by Font Awesome and designed for Bootstrap
Working on 876
The Middle East Friendship Chart
Working on 877
DP Ouroboros presentation
Working on 878
COULD NOT RETRIEVE
Working on 879
DP 2014 agenda
Working on 880
errors were had, skipping.
Working on 881
1934 Packard coupe roadster, three-quarter front view, top raised | Digital Collections | WSULS
Working on 882
   Spellbound Blog: Using Blogs as a Professional Development Opportunity at The Interactive Archivist
Working on 883
One Hundred Million Creative Commons Flickr Images for Research | Yahoo Labs
Working on 884
NOAA Deirdre Bryne white paper on data management
Working on 885
SFA - Archiving of Databases: SIARD Suite
Working on 886
errors were had, skipping.
Working on 887
DP presentation notes
Working on 888
Party or Pop Song?
Working on 889
Python Core API - Dropbox
Working on 890
Rainy Night in the Bell Tent : The Dongas Tribe (and friends) : Free Download & Streaming : Internet Archive
Working on 891
COULD NOT RETRIEVE
Working on 892
COULD NOT RETRIEVE
Working on 893
DLib article about MODS
Working on 894
:: soundtransit :: sounds
Working on 895
errors were had, skipping.
Working on 896
errors were had, skipping.
Working on 897
PublicServers - Solr Wiki
Working on 898
errors were had, skipping.
Working on 899
Battle of the Buzzwords: Flexibility vs. Interoperability When Implementing PREMIS in METS 

Working on 900
blog_and_survey_analyzing - Google Sheets
Working on 901
Track API calls in Node.js with Piwik - Analytics Platform - Piwik
Working on 902
Digital Object Specifications (METS and PREMIS) | HathiTrust Digital Library
Working on 903
errors were had, skipping.
Working on 904
SXSWi 2014 - We're moving to Detroit, and so should you - vidme
Working on 905
The American Room
Working on 906
errors were had, skipping.
Working on 907
Anki Drive
Working on 908
errors were had, skipping.
Working on 909
Why I hate virtualenv and pip | Rants of a platform-agnostic python developer
Working on 910
Fedora Commons Users - API-M Relationships Manipulation Examples?
Working on 911
errors were had, skipping.
Working on 912
errors were had, skipping.
Working on 913
butterdb 0.1.4 : Python Package Index
Working on 914
fedora api 3.6
Working on 915
THATCamp | The Humanities and Technology Camp
Working on 916
errors were had, skipping.
Working on 917
Fedora Commons Users - Problems with using OAIProvider 1.2 with Fedora Commons 3.3
Working on 918
Plumbing Life's Depths - HowTo: Create an SSL web-server in Twisted (Crude approach, but it works...)
Working on 919
Google Docs - create and edit documents online, for free.
Working on 920
COULD NOT RETRIEVE
Working on 921
Intuition and decision-making - Wikipedia, the free encyclopedia
Working on 922
An Error Occurred Setting Your User Cookie
Working on 923
Romance at Arms Length
Working on 924
Dropbox - Datastore API tutorial
Working on 925
Fedora Commons Users - [fcrepo-user] PROAI resource-index query cannot be processed by Fedora
Working on 926
Frontiers | Stochasticity in plant cellular growth and patterning | Plant Evolution and Development
Working on 927
Drone flyoverSurfing From a New Perspective | Teton Gravity Research
Working on 928
Fixing SCRIPT_NAME/url_scheme when behind reverse proxy | Flask (A Python Microframework)
Working on 929
Ann Arbor Winter Guide - Google Docs
errors were had, skipping.
Working on 930
API-m fedora API
errors were had, skipping.
Working on 931
RegExr: Learn, Build, & Test RegEx
errors were had, skipping.
Working on 932
p5.js
errors were had, skipping.
Working on 933
Watch Online Halt and Catch Fire season 1 - Watch Series
errors were had, skipping.
Working on 934
google say horseshit
errors were had, skipping.
Working on 935
Drone flyover 
errors were had, skipping.
Working on 936
Alfred App - Productivity App for Mac OS X
errors were had, skipping.
Working on 937
Help:Formatting - MediaWiki
errors were had, skipping.
Working on 938
errors were had, skipping.
Working on 939
Lux: The XML Search Engine
Working on 940
Morton-Taylor | 
Working on 941
Saucony Originals Jazz Original Black/Silver - Zappos.com Free Shipping BOTH Ways
Working on 942
python - How to use g.user global in flask - Stack Overflow
Working on 943
COULD NOT RETRIEVE
Working on 944
COULD NOT RETRIEVE
Working on 945
Download Halt and Catch Fire S01E05 HDTV x264 KILLERS mp4
Working on 946
PronunciationManual - YouTube
Working on 947
Google Maps Engine
Working on 948
Baci - Wikipedia, the free encyclopedia
Working on 949

		About Us | Influx	
Working on 950
Mason City --> Whispering Pines --> Butte
Working on 951
 3 Min walk to UW Clean Comfortable in Seattle
Working on 952
Campground and Cabins | Whispering Pines Campground - Rapid City, South Dakota
Working on 953
[Postcard] | Virtualsity, by Michael Barron | Harper's Magazine
Working on 954
groveling to LIBNS
Working on 955
groveling to LIBNS
Working on 956
Chrome Web Store
Working on 957
python fractal henon curve
Working on 958
Michigan Library Association - Register
Working on 959
errors were had, skipping.
Working on 960

	MLA 2014 Annual Conference - General Events - Events | Michigan Library Association

Working on 961
SEXMISSION (1984) - Watch Online For Free on TubePlus
Working on 962
Green Leaf Vietnamese Restaurant | Seattle, WA - Chinatown, Belltown
Working on 963
Mosh: the mobile shell
Working on 964
linkPad2 - Alpha
Working on 965
Image Viewer | Digital Collections | WSULS - Undine image of tree and goblins
Working on 966
COULD NOT RETRIEVE
Working on 967
errors were had, skipping.
Working on 968
Wayne State University Libraries
Working on 969
ImageNet Large Scale Visual Recognition Competition 2014 (ILSVRC2014)
Working on 970
textAnalysis - Wayne State
Working on 971
Conway's Game of Life - Javascript/Canvas Implementation
Working on 972
textAnalysis - Wayne State
Working on 973
Learn | The Scala Programming Language
Working on 974
Reverse Image Search
Working on 975
How a 19th Century Math Genius Taught Us the Best Way to Hold a Pizza Slice | Science Blogs | WIRED
Working on 976
javascript - Force IE 11 "User agent string" using tags - Stack Overflow
Working on 977
errors were had, skipping.
Working on 978
article on brain organization
Working on 979
errors were had, skipping.
Working on 980
Gravity Fun
Working on 981
iFlix.io - Web torrent player
Working on 982
radar michigan detroit ann arbor ypsilanti
Working on 983
javascript - Handlebars/Mustache - Is there a built in way to loop through the properties of an object? - Stack Overflow
Working on 984
Differences between isinstance() and type() in python - Stack Overflow
Working on 985
Rotated image, perhaps by pixels?
Working on 986
errors were had, skipping.
Working on 987
Midsummer imageviewer
Working on 988
Beware of JavaScript semicolon insertion - Robert's talk
Working on 989
errors were had, skipping.
Working on 990
All Eyes on You - Psychology Today - Ebsco (better quality)
Working on 991
All Eyes on You - Psychology Today - ProQuest
Working on 992
The Netflix Tech Blog: Introducing Hystrix for Resilience Engineering
Working on 993
The Netflix Tech Blog: Introducing Chaos Engineering
Working on 994
Watch The Kids in the Hall Serie Online - Watch Series
Working on 995
Academica: 2.5 Years of Commits - YouTube
Working on 996
errors were had, skipping.
Working on 997
Cole on Academica
Working on 998
COULD NOT RETRIEVE
Working on 999
All Eyes on You - eTextReader
Working on 1000
WSU eTextReader
Working on 1001
All Eyes on You - textAnalysis - Wayne State
Working on 1002
errors were had, skipping.
Working on 1003
THE INTERNET IS FOR CORN
Working on 1004
COULD NOT RETRIEVE
Working on 1005
Animated Algorithms
Working on 1006
Radical Librarianship: how ninja librarians are ensuring patrons' electronic privacy - Boing Boing
Working on 1007
JSON from Fedora
Working on 1008
Times Developer Network - Article Search API v2
Working on 1009
Melting aluminum | Fabulous adventures in coding
Working on 1010
Del's Beautiful New Wooden Machine - YouTube
Working on 1011
Mountain Biking History & Culture Archive
Working on 1012
COULD NOT RETRIEVE
Working on 1013
Bookworm
Working on 1014
Bookworm
Working on 1015
Twitter / Search - #weunderstandthatascorporateentitiesourpresenceincertaindiscussionsisnotalwaysrequiredsowewillstrivetolimitouractivitiestojustsellingyoushit
Working on 1016
Wayne State University Libraries
Working on 1017
errors were had, skipping.
Working on 1018
COULD NOT RETRIEVE
Working on 1019
Conferences and meetings | About | University Archives | Michigan State University
Working on 1020
CEDAR RAPIDS (2011) - Watch Online For Free on TubePlus
Working on 1021
COULD NOT RETRIEVE
Working on 1022
Login | Bookworm
Working on 1023
errors were had, skipping.
Working on 1024
Masters of the Cutaway Part 2: Frank Soltesz, L. Ashwell Wood and George Zaffo - Core77
Working on 1025
map to CMU
Working on 1026
Introduction to Programming in Java | Electrical Engineering and Computer Science | MIT OpenCourseWare
Working on 1027
Occult bibliography : an annotated list of books published in English, 1971 through 1975 / by Thomas C. Clarie
Working on 1028
MMDPP_Fall_CMU_RDF_ghukill - Google Slides MMDPP RDF slides CMU
Working on 1029
Ultra-psychonics american life book made-up fiction
Working on 1030
Kindle instructions ebook making
Working on 1031
Northrop Once Built Planes That Were Just Giant Wings
Working on 1032
Making It Up As We Go Along: How We Built Our Digital Collections Platform - Library Technology Conference 2014
Working on 1033
COULD NOT RETRIEVE
Working on 1034
Announcing digitalhumanities @ digitalculturebooks julie klein
Working on 1035
IMDb: Greatest Comedies Ever YO! - a list by FaithNoBungle
Working on 1036
Canard - Definition and More from the Free Merriam-Webster Dictionary
Working on 1037
A Guide to Digital Humanities | Northwestern University
Working on 1038
Interdisciplining Digital Humanities
Working on 1039
Paleofuture - Paleofuture Blog
Working on 1040
Orange County (2002) - IMDb
Working on 1041
javascript - How can I open a link in new tab (and not new window)? - Stack Overflow
Working on 1042
javascript - How to make an ajax call without jquery? - Stack Overflow
Working on 1043
firefox - JavaScript open in a new window, not tab - Stack Overflow
Working on 1044
The Making of Lux (XML query for Lucene) | Safari Blog
Working on 1045
Here and There: Creating DH Community | Miriam Posner's Blog
Working on 1046
COULD NOT RETRIEVE
Working on 1047
errors were had, skipping.
Working on 1048
Ypsilanti, Michigan (48197) Conditions & Forecast | Weather Underground
Working on 1049
defamation lawsuit twitter nina de jesus
Working on 1050
Time to Talk About Community Accountability - satifice
Working on 1051
COULD NOT RETRIEVE
Working on 1052
Evbo Wedding
Working on 1053
Wayne State Library over the yearsd
Working on 1054
errors were had, skipping.
Working on 1055
Culturomics
Working on 1056
errors were had, skipping.
Working on 1057
Results from OCLC Research International Linked Data Survey for Implementers Now Available

Working on 1058
php - Which MySQL datatype for an IP address? - Stack Overflow
Working on 1059
Digital Humanities book pdf
Working on 1060
GeoDimensions - sample surveys
Working on 1061
Peek.js - charts based on D3.js
Working on 1062
Auto PHP Codeigniter CRUD | Grocery CRUD
Working on 1063
errors were had, skipping.
Working on 1064
Neural-Network
Working on 1065
errors were had, skipping.
Working on 1066
errors were had, skipping.
Working on 1067

 topic-modeling-tool -
 
 
 A graphical user interface tool for topic modeling - Google Project Hosting
 
Working on 1068
library as discovery
Working on 1069
Watch Online The League season 6 - Watch Series
Working on 1070
errors were had, skipping.
Working on 1071
Free ebooks - Project Gutenberg
Working on 1072
Directions to Lawrence Tech
Working on 1073
errors were had, skipping.
Working on 1074
COULD NOT RETRIEVE
Working on 1075
Building topic models into Bookworm searches | Benjamin M. Schmidt
Working on 1076
White's Haven - Campground and Camping - Cook Forest PA - Tenting, RV Sites, Cabins
Working on 1077
Mosquito Lake campground map
Working on 1078
Watch Portlandia Serie Online - Watch Series
Working on 1079
Geneva state park
Working on 1080
errors were had, skipping.
Working on 1081
"I'll fucking cut you." Behind the scenes of the 1491s' segment on "The Daily Show" | Green Room | Missoula Independent
Working on 1082
COULD NOT RETRIEVE
Working on 1083
Can you out-race a computer?  | MIT News Office
Working on 1084
Detroit Code4Lib ticket Portland airplane flight
Working on 1085
Controlled Vocabularies in RDF (in Hydra)
Working on 1086
Category:Code4Lib2015 - Code4Lib
Working on 1087
errors were had, skipping.
Working on 1088
T by sferik
Working on 1089
errors were had, skipping.
Working on 1090
COULD NOT RETRIEVE
Working on 1091
Early Professional - Scholarship Application Form
Working on 1092
REPOX Documentation
Working on 1093
Hydramata - Hydra - DuraSpace Wiki
Working on 1094
Watch Chopped Serie Online - Watch Series
Working on 1095
DutchCoders - Making stuff, because we can
Working on 1096
COULD NOT RETRIEVE
Working on 1097
Stanford University Libraries completes first phase of development on Spotlight exhibits platform | Stanford University Libraries
Working on 1098
django - running celery as daemon using supervisor is not working - Stack Overflow
Working on 1099
errors were had, skipping.
Working on 1100
A Ferguson Twitter Archive | inkdroid
Working on 1101
            
    

    Apollo 10's little known incident - Imgur
Working on 1102
Creepy Polaroid
Working on 1103
Robert R. Bruner
Working on 1104
errors were had, skipping.
Working on 1105
errors were had, skipping.
Working on 1106
Brewster on digitizing / scanning
Working on 1107
Wayne State University Library System                        /Entire Collection
Working on 1108
IMG_3213 rsz | Flickr - Photo Sharing!
Working on 1109
None
Working on 1110
Diacritic - Wikipedia, the free encyclopedia
Working on 1111
errors were had, skipping.
Working on 1112
MiKTeX - DVI2PDF
Working on 1113
Linked Data Platform 1.0
Working on 1114
errors were had, skipping.
Working on 1115
The NSA and Me - The Intercept
Working on 1116
Lapwing Labs
Working on 1117
errors were had, skipping.
Working on 1118
Shapecatcher: Draw the Unicode character you want!
Working on 1119
errors were had, skipping.
Working on 1120
errors were had, skipping.
Working on 1121
IRIS+ - 3drobotics.com
Working on 1122
Aboard Amtrak
Working on 1123
 Euroschirm Small Lightweight Trekking Umbrella Black | eBay 
Working on 1124
	Programs - Annual Conference | Michigan Library Association MLA annual presentation
Working on 1125
Live coding in VR with the Oculus Rift, Firefox WebVR, JavaScript and Three.js - YouTube
Working on 1126
Clear RebSearch core
Working on 1127
Watch Space Station 76 Online Free Putlocker - PutLocker.Tw
Working on 1128
COULD NOT RETRIEVE
Working on 1129
Java book
Working on 1130
Index of /hydraconnect
Working on 1131
Think Java
Working on 1132
Project Free TV :: Orphan Black :: Season 2
Working on 1133
Downhill MTB GoPro footage through Scottish Highlands - YouTube
Working on 1134
COULD NOT RETRIEVE
Working on 1135
Inbox - The next-generation email platform.
Working on 1136
COULD NOT RETRIEVE
Working on 1137
errors were had, skipping.
Working on 1138
REPOX
Working on 1139
Planet Code4Lib
Working on 1140
errors were had, skipping.
Working on 1141
Hacker News now has an API, it's Firebase - Firebase
Working on 1142
Content Model Model Structure Google draw
Working on 1143
Google
Working on 1144

Student Journals Published with Digital Commons | bepress

Working on 1145
Michigan eLibrary                                                /All Locations
Working on 1146
JSON Editor Online - view, edit and format JSON online
Working on 1147
errors were had, skipping.
Working on 1148
charts js
Working on 1149
errors were had, skipping.
Working on 1150
RDF Validation in the Cultural Heritage Community Tutorial Notes - Google Docs
Working on 1151
Power, Privilege, and Social Identity | #alt-academy: Alternative Academic Careers
Working on 1152
The page you were looking for doesn't exist (404)
Working on 1153
Sugar Bowl Resort - Truckee/Lake Tahoe
Working on 1154
errors were had, skipping.
Working on 1155
TwoHardThings
Working on 1156

		NSF Award Search: Advanced Search Results.
		
Working on 1157
check_json - check JSON attributes via http(s) - Nagios Exchange
Working on 1158
Starting from the Ground Up: How We Created Our Own Digital Collections Platform - Michigan Library Association 2014
Working on 1159
Dropbox - 082914 Sherry Evan Wedding Photobooth
Working on 1160
Online Etymology Dictionary
Working on 1161
HTTP/1.1: Status Code Definitions
Working on 1162
ToorCamp | the five day, open air, tech camping event
Working on 1163
nagios production
Working on 1164
xml - xsl: How to select the first x number of characters in a node? - Stack Overflow
Working on 1165

Appalachian Mountain Club's Equipped: Nearly Every USGS Topo Map Ever Made. For Free.

Working on 1166
Introducing Pyleus: An Open-source Framework for Building Storm Topologies in Pure Python
Working on 1167
Collection | Digital Collections | WSULS
Working on 1168
Tribler Makes BitTorrent Anonymous With Built-in Tor Network | TorrentFreak
Working on 1169
Eat Well. Do Good. Cafe | Avalon International Breads | Eat Well.Do Good.
Working on 1170
Storm, distributed and fault-tolerant realtime computation
Working on 1171
INTP - Designer Theorizers
Working on 1172
DN!
Working on 1173
Wayne State University Libraries
Working on 1174
Which Are The Best Anonymous VPN Providers? | TorrentFreak
Working on 1175
Super-Intelligent Humans Are Coming - Issue 18: Genius - Nautilus
Working on 1176
WSU eTextReader
Working on 1177
Jef Raskin - Coanda Effect: Understanding Why Wings Work
Working on 1178
The Best High Speed and Secure VPN Service - IPVanish
Working on 1179
Wayne State University Libraries
Working on 1180
Issue 18: Genius - Nautilus
Working on 1181
COULD NOT RETRIEVE
Working on 1182
 Other Makes Eagle Base Wagon 4 Door | eBay 
Working on 1183
Search | Digital Collections | WSULS
Working on 1184
errors were had, skipping.
Working on 1185
Alice's adventures in Wonderland | Digital Collections | WSULS
Working on 1186
Pure Cinema Chillout by Various Artists on Spotify
Working on 1187
Aesop's fables | Digital Collections | WSULS
Working on 1188
immutable URIs article pdf
Working on 1189
Curioos - Explore art prints from the world's best digital artists
Working on 1190
API mediawiki
Working on 1191
YaleNews | Mellon grant will support development of new online platform to study ancient Chinese texts
Working on 1192
Netflix on Linux: How to get it today, and why it's such a pain | PCWorld
Working on 1193
errors were had, skipping.
Working on 1194
 
Algorithmic Art - Tyler Hobbs
 - Probability Distributions for Algorithmic Artists 
Working on 1195
Register for VPN Packages, Starting at $3.33/Mo. | PIA Services
errors were had, skipping.
Working on 1196
COULD NOT RETRIEVE
errors were had, skipping.
Working on 1197
COULD NOT RETRIEVE
errors were had, skipping.
Working on 1198
errors were had, skipping.
Working on 1199
Reflections on a Year spent developing with RDF and JSON (Software Development on the Cloud Exploration)
errors were had, skipping.
Working on 1200
The Internet's Own Boy: The Story of Aaron Swartz : Brian Knappenberger : Free Download & Streaming : Internet Archive
errors were had, skipping.
Working on 1201
Historic Detroit News items go to state archives
errors were had, skipping.
Working on 1202
BIBFRAME Implementation Register (BIBFRAME - Bibliographic Framework Initiative, Library of Congress)
errors were had, skipping.
Working on 1203
JSON-LD and Why I Hate the Semantic Web | The Beautiful, Tormented Machine
errors were had, skipping.
Working on 1204
Sound Reader Free Libraries | ioby
errors were had, skipping.
Working on 1205
errors were had, skipping.
Working on 1206
The Beautiful, Tormented Machine
errors were had, skipping.
Working on 1207
JSON-LD Playground
errors were had, skipping.
Working on 1208
errors were had, skipping.
Working on 1209
errors were had, skipping.
Working on 1210
Escape from Microsoft Word by Edward Mendelson | NYRblog | The New York Review of Books
errors were had, skipping.
Working on 1211
RDF and JSON: A Clash of Model and Syntax | Lost Boy
errors were had, skipping.
Working on 1212
dotNetRDF - Semantic Web, RDF and SPARQL Library for C#/.Net
errors were had, skipping.
Working on 1213
amry survival manual
errors were had, skipping.
Working on 1214
Trees as graphs vs. Trees as data structures
errors were had, skipping.
Working on 1215
MongoDB
errors were had, skipping.
Working on 1216
None
errors were had, skipping.
Working on 1217
LONG API
errors were had, skipping.
Working on 1218
refStats spreadsheet suggestions bugs sharepoint
errors were had, skipping.
Working on 1219
SHORT API
errors were had, skipping.
Working on 1220
errors were had, skipping.
Working on 1221

Human Biology Open Access Pre-Prints | WSU Press | Wayne State University

errors were had, skipping.
Working on 1222
Isocrates - Wikipedia, the free encyclopedia
errors were had, skipping.
Working on 1223
ADS-B dump1090
errors were had, skipping.
Working on 1224
PlanePlotter from COAA
errors were had, skipping.
Working on 1225
errors were had, skipping.
Working on 1226

 harviewer -
 
 
 Visualise HTTP Archive log files. - Google Project Hosting
 
errors were had, skipping.
Working on 1227
errors were had, skipping.
Working on 1228
HAR 1.2 Spec | Software is hard
errors were had, skipping.
Working on 1229
HAR Viewer | Software is hard
errors were had, skipping.
Working on 1230
usb wireless
errors were had, skipping.
Working on 1231
HTTP Archive Viewer 2.0.16
errors were had, skipping.
Working on 1232

berries - berries.jpg - Minus
errors were had, skipping.
Working on 1233
errors were had, skipping.
Working on 1234
errors were had, skipping.
Working on 1235
This Script Converts Google Documents to Markdown for Easy Exporting
errors were had, skipping.
Working on 1236
Installation - 
 harviewer -
 
 
 Visualise HTTP Archive log files. - Google Project Hosting
 
errors were had, skipping.
Working on 1237
FuzzyWuzzy: Fuzzy String Matching in Python - ChairNerd
errors were had, skipping.
Working on 1238
refStats brainstorming
errors were had, skipping.
Working on 1239
splash server mitten test
errors were had, skipping.
Working on 1240
Intellectual freedom - Wikipedia, the free encyclopedia
errors were had, skipping.
Working on 1241
Redirecting...
errors were had, skipping.
Working on 1242
errors were had, skipping.
Working on 1243
errors were had, skipping.
Working on 1244
Why Did This Band Recreate Jazz's Most Famous Record Note-for-Note? - The Atlantic
errors were had, skipping.
Working on 1245
COULD NOT RETRIEVE
errors were had, skipping.
Working on 1246
Cytoscape: An Open Source Platform for Complex Network Analysis and Visualization
errors were had, skipping.
Working on 1247
WSUDOR documentation google drive
errors were had, skipping.
Working on 1248
Intellectual Freedom Round Table (IFRT) | Intellectual Freedom Round Table (IFRT)
errors were had, skipping.
Working on 1249
force graph united states map
errors were had, skipping.
Working on 1250
errors were had, skipping.
Working on 1251
Joker.org  |  .torrent -> streamable video
errors were had, skipping.
Working on 1252
rachelbythebay
errors were had, skipping.
Working on 1253
Druid | Introducing Druid: Real-Time Analytics at a Billion Rows Per Second
errors were had, skipping.
Working on 1254
Quick Start Guide - Leaflet - a JavaScript library for mobile-friendly maps
errors were had, skipping.
Working on 1255
errors were had, skipping.
Working on 1256
NASA Television | NASA
errors were had, skipping.
Working on 1257
RDFScape : How To Install 
errors were had, skipping.
Working on 1258
Category: Development - ChairNerd
errors were had, skipping.
Working on 1259
refStats dev
errors were had, skipping.
Working on 1260

        
            New Zealand Gazette
        
    
errors were had, skipping.
Working on 1261
errors were had, skipping.
Working on 1262
Gossip protocol - Wikipedia, the free encyclopedia
errors were had, skipping.
Working on 1263
Gossiping About Digital Preservation | The Signal: Digital Preservation
errors were had, skipping.
Working on 1264
ToroDB: an open-source, JSON database, built on Postgres
errors were had, skipping.
Working on 1265
Introducing osquery | Engineering Blog | Facebook Code | Facebook
errors were had, skipping.
Working on 1266
errors were had, skipping.
Working on 1267
COULD NOT RETRIEVE
errors were had, skipping.
Working on 1268
errors were had, skipping.
Working on 1269
MEAN.IO - MongoDB, Express, Angularjs Node.js powered fullstack web framework - MEAN.IO - MongoDB, Express, Angularjs Node.js powered fullstack web framework
errors were had, skipping.
Working on 1270
DSHR's Blog: Plenary Talk at 3rd EUDAT Conference
errors were had, skipping.
Working on 1271
DSHR's Blog: A Challenge to the Storage Industry
errors were had, skipping.
Working on 1272
Amazon's Dynamo - All Things Distributed
errors were had, skipping.
Working on 1273
Named Data Networking (NDN) - A Future Internet Architecture
errors were had, skipping.
Working on 1274
Lithography - Wikipedia, the free encyclopedia
errors were had, skipping.
Working on 1275
COULD NOT RETRIEVE
errors were had, skipping.
Working on 1276
errors were had, skipping.
Working on 1277
JSON Lines
errors were had, skipping.
Working on 1278
Local News | Roosevelt High School teacher gives her students a review in cursive | Seattle Times Newspaper
Working on 1279
Creating class instance properties from a dictionary in Python - Stack Overflow
Working on 1280
COULD NOT RETRIEVE
Working on 1281
Roadhouse Halloween, streaming link
Working on 1282
Error detection and correction - Wikipedia, the free encyclopedia
Working on 1283
osx - Mac OS X Terminal Colors - Stack Overflow
Working on 1284
Share Your Photos of Halloween | Folklife Today
Working on 1285
NDN Project Overview - Named Data Networking (NDN)
Working on 1286
errors were had, skipping.
Working on 1287
The Flaw Lurking In Every Deep Neural Net
Working on 1288
errors were had, skipping.
Working on 1289
AngularJS vs. Backbone.js vs. Ember.js - Choosing Your JS Framework
Working on 1290
The Internet Arcade : Free Software : Download & Streaming : Internet Archive
Working on 1291
Netherlandish Proverbs - Wikipedia, the free encyclopedia
Working on 1292
I Programmer - programming, reviews and projects
Working on 1293
Kodi | Open Source Home Theatre Software
Working on 1294

Raspbmc 
Working on 1295
RaspberryPi + Raspbmc - Guide to Setting up the Ultimate HTPC for $60 - Unfinished Man
Working on 1296
Charming Loft - Great Access in Milwaukee
errors were had, skipping.
Working on 1297
Planetary Names: Categories for Naming Features on Planets and Satellites
errors were had, skipping.
Working on 1298
Movieo
errors were had, skipping.
Working on 1299
AIP structure - Archivematica
errors were had, skipping.
Working on 1300
bagit-python by LibraryOfCongress
errors were had, skipping.
Working on 1301
bagit 0.8 : Python Package Index
errors were had, skipping.
Working on 1302
BagIt - Curation - Confluence
errors were had, skipping.
Working on 1303
errors were had, skipping.
Working on 1304
errors were had, skipping.
Working on 1305
A Collaboration Model between Archival Systems to Enhance the Reliability of Preservation by an Enclose-and-Deposit Method
errors were had, skipping.
Working on 1306
Home Office Furniture - IKEA
errors were had, skipping.
Working on 1307
Manual:Pywikibot - MediaWiki
errors were had, skipping.
Working on 1308
errors were had, skipping.
Working on 1309
errors were had, skipping.
Working on 1310
Google Groups
errors were had, skipping.
Working on 1311
errors were had, skipping.
Working on 1312
RDFa / Play
errors were had, skipping.
Working on 1313
Borges and God by Jorge Luis Borges and Osvaldo Ferrari | NYRblog | The New York Review of Books
errors were had, skipping.
Working on 1314

 libstats -
 
 
 A simple web-based app for tracking library reference statistics - Google Project Hosting
 
errors were had, skipping.
Working on 1315
How do I determine file encoding in OSX? - Stack Overflow
errors were had, skipping.
Working on 1316
python - using class methods as celery tasks - Stack Overflow
errors were had, skipping.
Working on 1317
APTrust BagIt Profile - Google Docs
errors were had, skipping.
Working on 1318
COULD NOT RETRIEVE
errors were had, skipping.
Working on 1319
Hacker's guide to Neural Networks
errors were had, skipping.
Working on 1320
errors were had, skipping.
Working on 1321

	Ladybird

errors were had, skipping.
Working on 1322
errors were had, skipping.
Working on 1323
Epson PowerLite Home Cinema 725HD 720p 3LCD Projector - Product Information - Epson America, Inc.
errors were had, skipping.
Working on 1324
the one - 725HD
errors were had, skipping.
Working on 1325
big poppa - 1080p
errors were had, skipping.
Working on 1326
errors were had, skipping.
Working on 1327
Refurbished Sony CPA9C Minidisc And Discman Cassette Adapter
errors were had, skipping.
Working on 1328
COULD NOT RETRIEVE
errors were had, skipping.
Working on 1329
wsudor documentation goog doc
errors were had, skipping.
Working on 1330
wsudor documentation outline
errors were had, skipping.
Working on 1331
rels-int for COMPLEXTEST
errors were had, skipping.
Working on 1332
Infomercials - Too Many Cooks [adult swim] - YouTube
errors were had, skipping.
Working on 1333
How to Stop Grinding Teeth at Night: 14 Steps (with Pictures)
errors were had, skipping.
Working on 1334
Personal Hygiene - how to articles from wikiHow
errors were had, skipping.
Working on 1335
3 Ways to Administer a Coffee Enema - wikiHow
errors were had, skipping.
Working on 1336
hp article on thumbnails
errors were had, skipping.
Working on 1337
How to Do a Male Brazilian Wax - wikiHow
errors were had, skipping.
Working on 1338
Detroit to Milwaukee skipping construction
errors were had, skipping.
Working on 1339
The $9 Billion Witness: Meet JPMorgan Chase's Worst Nightmare | Rolling Stone
errors were had, skipping.
Working on 1340
COULD NOT RETRIEVE
errors were had, skipping.
Working on 1341
Wayne State University Libraries
errors were had, skipping.
Working on 1342
cortesi - Visualizing entropy in binary files
errors were had, skipping.
Working on 1343
errors were had, skipping.
Working on 1344
Agile Development and Experience Design | ThoughtWorks
errors were had, skipping.
Working on 1345


errors were had, skipping.
Working on 1346

			Decision Science News  
	
errors were had, skipping.
Working on 1347
v2 planning
errors were had, skipping.
Working on 1348
Car - tiled mooviewer
Working on 1349
Gay, Lesbian, Bisexual, and Transgender Round Table (GLBTRT) | Gay, Lesbian, Bisexual & Transgender Round Table (GLBTRT)
Working on 1350
Car - osd
Working on 1351
The Disease of Being Busy | On Being
Working on 1352
Everything Simpsons | Simpsons World
Working on 1353
errors were had, skipping.
Working on 1354
cortesi - home
Working on 1355
macintosh garden
Working on 1356
Partners and Implementations - Hydra - DuraSpace Wiki
Working on 1357
MLA 2014 annual program schedule
Working on 1358
errors were had, skipping.
Working on 1359
The Lester S. Levy Sheet Music Collection
Working on 1360
kamikaze III
Working on 1361
The Seaside Research Portal
Working on 1362
XKCD json API feed
Working on 1363
COULD NOT RETRIEVE
Working on 1364
yurts
Working on 1365
WHERE ARE THEY? WHY I HOPE THE SEARCH FOR EXTRATERRESTRIAL LIFE FINDS NOTHING
Working on 1366
Wayne State University Libraries
Working on 1367
What is the XY problem? - Meta Stack Exchange
Working on 1368
COULD NOT RETRIEVE
Working on 1369
errors were had, skipping.
Working on 1370
errors were had, skipping.
Working on 1371
Two-Stroke Toilets - Issue 13: Symmetry - Nautilus
Working on 1372
library as infrastructure
Working on 1373
The 'Delta Collection': Sneaking A Peek At The Library Of Congress' Erotica Stash | WAMU 88.5 - American University Radio
Working on 1374
errors were had, skipping.
Working on 1375
Importing methods from Python class into another class instance - Stack Overflow
Working on 1376
Google
Working on 1377
errors were had, skipping.
Working on 1378
PEP 8 -- Style Guide for Python Code
Working on 1379
Official Web Site of Jim Van Buskirk 
Working on 1380
100% Non-Organic .gifs
Working on 1381
smoking machine
Working on 1382
Arrakis: The Operating System is the Control Plane
Working on 1383
James C. Hormel Gay & Lesbian Center - 3rd Floor :: San Francisco Public Library
Working on 1384
A JavaScript library for building user interfaces | React
Working on 1385
A pixel is not a little square
Working on 1386
Arrakis | The Operating System is the Control Plane
Working on 1387
errors were had, skipping.
Working on 1388
About SineRider
Working on 1389
FnordMetric | Examples
Working on 1390
Flat UI Colors
Working on 1391
The USA Freedom Act: What's to Come and What You Need to Know | Electronic Frontier Foundation
Working on 1392
errors were had, skipping.
Working on 1393
Stanford University CS231n: Convolutional Neural Networks for Visual Recognition
Working on 1394
oop - python __init__ method in inherited class - Stack Overflow
Working on 1395
Quick Links and Search Frequency | U-M Library
Working on 1396
USMS Asset Forfeiture Bitcoin Sale
Working on 1397
errors were had, skipping.
Working on 1398
Facebook
Working on 1399

6.828 / Fall 2014

Working on 1400
bufffalo snow guy
Working on 1401
Lambda Literary | The leader in LGBT book reviews, author interviews, opinion and news since 1989
Working on 1402
Confessions of a Librarian: Bleue Benton  |  Lambda Literary
Working on 1403
Libraries and the LGBT community - Wikipedia, the free encyclopedia
Working on 1404
Volunteer or Donate - VA Ann Arbor Healthcare System
Working on 1405
COULD NOT RETRIEVE
Working on 1406
Episode 01: The Alibi - Serial
Working on 1407
Ghostwriters on the Court? 
Working on 1408
COULD NOT RETRIEVE
Working on 1409
Brian Fellow's Safari Planet 4 | Saturday Night Live - Yahoo Screen
Working on 1410
Man frees robot trapped in room - YouTube
Working on 1411
Functional Programming
Working on 1412
alternator adjusting bolt
Working on 1413
COULD NOT RETRIEVE
Working on 1414
Aaron Collie
Working on 1415
Google Keep
Working on 1416
3d wind map
Working on 1417
 Mid Century Modern Foot Stool Tan Danish Rest Ottoman Vtg 60s Retro Vinyl Eames | eBay 10star
Working on 1418
 Vintage Retro Midcentury Vinyl Ottoman Footstool Turquoise Blue Gorgeous | eBay 
Working on 1419
COULD NOT RETRIEVE
Working on 1420
 Mid Century Danish Modern White Ottoman Footstool Vintage | eBay 
Working on 1421
BAGTEST collection v2
Working on 1422
COULD NOT RETRIEVE
Working on 1423
COULD NOT RETRIEVE
Working on 1424
Seeing Disc Golf Lines. with disc names. - YouTube
Working on 1425
errors were had, skipping.
Working on 1426
 Amazon Kindle Fire 8GB Wi Fi 7in Black Good Condition | eBay 
Working on 1427
 Kenwood TRN0812TK 1200W Radiant Heater TRN0812T 044387000086 | eBay 
Working on 1428
A eulogy for RadioShack, the panicked and half-dead retail empire - SBNation.com
Working on 1429
The strange world of computer-generated novels | The Verge
errors were had, skipping.
Working on 1430
 Kindle Fire 8GB Wi Fi 7in Black | eBay 
errors were had, skipping.
Working on 1431
3D Object Manipulation in a Single Photograph using Stock 3D Models
errors were had, skipping.
Working on 1432
For the Word | A scroll exploring the bounty and beauty of the word.
errors were had, skipping.
Working on 1433
COULD NOT RETRIEVE
errors were had, skipping.
Working on 1434
ISS Photo Viewer
errors were had, skipping.
Working on 1435
notion paradigm framework infrastructure and all the words in ngram
errors were had, skipping.
Working on 1436
Have We Been Interpreting Quantum Mechanics Wrong This Whole Time? | WIRED
errors were had, skipping.
Working on 1437
Google
errors were had, skipping.
Working on 1438
How to Calculate Pi by Throwing Frozen Hot Dogs: 8 Steps
errors were had, skipping.
Working on 1439
Python3 Tutorial: Properties vs. getters and setters
errors were had, skipping.
Working on 1440
errors were had, skipping.
Working on 1441
Butterfly player - an open source music player
errors were had, skipping.
Working on 1442
Wayne State Libraries
errors were had, skipping.
Working on 1443
Microsoft Corporation
errors were had, skipping.
Working on 1444
 Lenovo ThinkServer TS140 5U Tower Server Intel Xeon E3 4GB DDR3 500GB HDD | eBay 
errors were had, skipping.
Working on 1445
DateField (Solr 4.10.2 API)
errors were had, skipping.
Working on 1446
errors were had, skipping.
Working on 1447
errors were had, skipping.
Working on 1448
Druid | Real-time Exploratory Analytics on Large Datasets
errors were had, skipping.
Working on 1449
Home | The Evergreen State College
errors were had, skipping.
Working on 1450
Wayne State University Libraries
errors were had, skipping.
Working on 1451
Wayne State Libraries
errors were had, skipping.
Working on 1452
The New York Times - Breaking News, World News & Multimedia
errors were had, skipping.
Working on 1453
errors were had, skipping.
Working on 1454
Google Keep
errors were had, skipping.
Working on 1455
errors were had, skipping.
Working on 1456
Text to ASCII Art Generator (TAAG)
errors were had, skipping.
Working on 1457
, meredith, how do i open a new tab
errors were had, skipping.
Working on 1458
errors were had, skipping.
Working on 1459
Politics - Election News - Breaking News, Blogs, Results - The New York Times
errors were had, skipping.
Working on 1460
 Vintage Mid Century Modern Vinyl Ottoman Footstool Bench Table Retro Seat Wood | eBay 
errors were had, skipping.
Working on 1461
 Willful Creatures by Aimee Bender Signed First Edition | eBay 
errors were had, skipping.
Working on 1462
 zenith17015 | eBay 
errors were had, skipping.
Working on 1463
Whois grahamhukill.com
errors were had, skipping.
Working on 1464
errors were had, skipping.
Working on 1465
errors were had, skipping.
Working on 1466
Even better!
errors were had, skipping.
Working on 1467
 Vintage 50s 60s Upholstered Stool Ottoman Mid Century Modern Retro Atomic Era | eBay 
errors were had, skipping.
Working on 1468
 Extremely RARE 1905 1921 MSA Gas Mask Manual Crank Air Feed Steampunk | eBay 
errors were had, skipping.
Working on 1469
 Mid Century Danish Modern White Ottoman Footstool Vintage | eBay 
errors were had, skipping.
Working on 1470
NASA on Twitter: "We're sending humans to Mars! Watch our #JourneytoMars briefing live today at 12pm ET: http://t.co/6XtjOi1yJo #Orion http://t.co/wrf89sn35A"
errors were had, skipping.
Working on 1471
 aimee bender signed | eBay 
errors were had, skipping.
Working on 1472
sorting - What do I need to do to make a field in SOLR sortable? - Stack Overflow
errors were had, skipping.
Working on 1473
Hacker News
errors were had, skipping.
Working on 1474
GOOD one -  Off White Ottoman Bench Vinyl Wood Peg Legs Spindle Mid Century Modern Vintage | eBay 
errors were had, skipping.
Working on 1475
errors were had, skipping.
Working on 1476
Pure Michigan: DEMF - YouTube
errors were had, skipping.
Working on 1477
[Unknown Title]
errors were had, skipping.
Working on 1478
Neo4j, the Graph Database - Download and Install Neo4j 
errors were had, skipping.
Working on 1479
Marketing and Communications - Contact Us
errors were had, skipping.
Working on 1480
WSU Email and Collaboration - Log In
errors were had, skipping.
Working on 1481
Graham S. Hukill
errors were had, skipping.
Working on 1482
[Unknown Title]
errors were had, skipping.
Working on 1483
The Little Guy Web Server
errors were had, skipping.
Working on 1484
Solr Admin
errors were had, skipping.
Working on 1485
22 Maps That Show The Deepest Linguistic Conflicts In America - Business Insider
errors were had, skipping.
Working on 1486
About ORCID | Connecting Research and Researchers
errors were had, skipping.
Working on 1487
[Unknown Title]
errors were had, skipping.
Working on 1488
[Unknown Title]
errors were had, skipping.
Working on 1489
ORCID
errors were had, skipping.
Working on 1490
Library | University of St Andrews
errors were had, skipping.
Working on 1491
ResourceSync - National Information Standards Organization
errors were had, skipping.
Working on 1492
Geolocation API Specifications
errors were had, skipping.
Working on 1493
[Unknown Title]
errors were had, skipping.
Working on 1494
[Unknown Title]
errors were had, skipping.
Working on 1495
Emerald | Program: electronic library and information systems | If SWORD is the answer, what is the question?: Use of the Simple Web-service Offering Repository Deposit protocol
errors were had, skipping.
Working on 1496
Kevin on Code: My Git Setup
errors were had, skipping.
Working on 1497
errors were had, skipping.
Working on 1498
SourceForge.net Repository - [sword-app] Index of /fedora/trunk
errors were had, skipping.
Working on 1499
The Digital Preservation Network
errors were had, skipping.
Working on 1500
SourceForge.net: ERROR
errors were had, skipping.
Working on 1501
errors were had, skipping.
Working on 1502
[Unknown Title]
errors were had, skipping.
Working on 1503
Daniel Solove
errors were had, skipping.
Working on 1504
[Unknown Title]
errors were had, skipping.
Working on 1505
WSU Libraries
errors were had, skipping.
Working on 1506
[Unknown Title]
errors were had, skipping.
Working on 1507
Open Collection
Working on 1508
grraaaaarg | 
Working on 1509
Learning the shell - Lesson 8: Job Control
finis!
